<?xml version="1.0" encoding="UTF-8"?>
<!-- Generated by org.testng.reporters.JUnitReportReporter -->
<testsuite hostname="ICPL11544" name="com.qmetry.qaf.automation.step.client.Scenario" tests="1" failures="0" timestamp="7 Apr 2017 10:40:22 GMT" time="0.000" errors="0">
  <testcase name="SampleTest" time="0.000" classname="com.qmetry.qaf.automation.step.client.Scenario"/>
</testsuite> <!-- com.qmetry.qaf.automation.step.client.Scenario -->
