<?xml version="1.0" encoding="UTF-8"?>
<!-- Generated by org.testng.reporters.JUnitReportReporter -->
<testsuite hostname="ICPL11544" name="com.flipcart.Flipcart" tests="1" failures="0" timestamp="7 Apr 2017 07:09:33 GMT" time="18.514" errors="0">
  <testcase name="scenario2" time="18.514" classname="com.flipcart.Flipcart"/>
</testsuite> <!-- com.flipcart.Flipcart -->
